app/build/intermediates/proguard-rules/debug/aapt_rules.txt
# Referenced at processDebugManifest\merged\AndroidManifest.xml:20
-keep class com.bobby.coding.BaseApp { <init>(...); }
# Referenced at processDebugManifest\merged\AndroidManifest.xml:64
-keep class com.bobby.coding.detail.DetailActivity { <init>(...); }
# Referenced at processDebugManifest\merged\AndroidManifest.xml:34
-keep class com.bobby.coding.main.MainActivity { <init>(...); }
# Referenced at processDebugManifest\merged\AndroidManifest.xml:48
-keep class com.bobby.coding.splash.SplashActivity { <init>(...); }
# Referenced at processDebugManifest\merged\AndroidManifest.xml:67
-keep class com.bobby.coding.upload.UploadActivity { <init>(...); }
# Referenced at processDebugManifest\merged\AndroidManifest.xml:59
-keep class com.bobby.coding.utils.TextSpeechService { <init>(...); }
# Referenced at processDebugManifest\merged\AndroidManifest.xml:137
-keep class com.google.android.gms.common.api.GoogleApiActivity { <init>(...); }
# Referenced at processDebugManifest\merged\AndroidManifest.xml:97
-keep class com.google.android.gms.measurement.AppMeasurementInstallReferrerReceiver { <init>(...); }
# Referenced at processDebugManifest\merged\AndroidManifest.xml:111
-keep class com.google.android.gms.measurement.AppMeasurementJobService { <init>(...); }
# Referenced at processDebugManifest\merged\AndroidManifest.xml:92
-keep class com.google.android.gms.measurement.AppMeasurementReceiver { <init>(...); }
# Referenced at processDebugManifest\merged\AndroidManifest.xml:107
-keep class com.google.android.gms.measurement.AppMeasurementService { <init>(...); }
# Referenced at processDebugManifest\merged\AndroidManifest.xml:70
-keep class com.google.firebase.auth.internal.FederatedSignInActivity { <init>(...); }
# Referenced at processDebugManifest\merged\AndroidManifest.xml:78
-keep class com.google.firebase.components.ComponentDiscoveryService { <init>(...); }
# Referenced at processDebugManifest\merged\AndroidManifest.xml:117
-keep class com.google.firebase.iid.FirebaseInstanceIdReceiver { <init>(...); }
# Referenced at processDebugManifest\merged\AndroidManifest.xml:129
-keep class com.google.firebase.iid.FirebaseInstanceIdService { <init>(...); }
# Referenced at processDebugManifest\merged\AndroidManifest.xml:142
-keep class com.google.firebase.provider.FirebaseInitProvider { <init>(...); }
# Referenced at res\layout\design_bottom_navigation_item.xml:26
-keep class android.support.design.internal.BaselineLayout { <init>(...); }

# Referenced at res\layout\design_navigation_item.xml:17
-keep class android.support.design.internal.NavigationMenuItemView { <init>(...); }

# Referenced at res\layout\design_navigation_menu.xml:17
-keep class android.support.design.internal.NavigationMenuView { <init>(...); }

# Referenced at res\layout\design_layout_snackbar_include.xml:18
-keep class android.support.design.internal.SnackbarContentLayout { <init>(...); }

# Referenced at res\layout\activity_main.xml:9
-keep class android.support.design.widget.AppBarLayout { <init>(...); }

# Referenced at res\layout\design_text_input_password_icon.xml:18
-keep class android.support.design.widget.CheckableImageButton { <init>(...); }

# Referenced at res\layout-sw300dp\activity_article.xml:2
# Referenced at res\layout\fragment_main.xml:1
# Referenced at res\layout\design_bottom_sheet_dialog.xml:26
# Referenced at res\layout\activity_article.xml:2
-keep class android.support.design.widget.CoordinatorLayout { <init>(...); }

# Referenced at res\layout\fragment_main.xml:17
-keep class android.support.design.widget.FloatingActionButton { <init>(...); }

# Referenced at res\layout\design_layout_snackbar.xml:18
-keep class android.support.design.widget.Snackbar$SnackbarLayout { <init>(...); }

# Referenced at res\layout\activity_article.xml:12
-keep class android.support.v4.view.ViewPager { <init>(...); }

# Referenced at res\layout\abc_alert_dialog_material.xml:41
-keep class android.support.v4.widget.NestedScrollView { <init>(...); }

# Referenced at res\layout\abc_select_dialog_material.xml:23
-keep class android.support.v7.app.AlertController$RecycleListView { <init>(...); }

# Referenced at res\layout\abc_action_menu_item_layout.xml:17
-keep class android.support.v7.view.menu.ActionMenuItemView { <init>(...); }

# Referenced at res\layout\abc_expanded_menu_layout.xml:17
-keep class android.support.v7.view.menu.ExpandedMenuView { <init>(...); }

# Referenced at res\layout\abc_popup_menu_item_layout.xml:17
# Referenced at res\layout\abc_list_menu_item_layout.xml:17
-keep class android.support.v7.view.menu.ListMenuItemView { <init>(...); }

# Referenced at res\layout\abc_screen_toolbar.xml:27
-keep class android.support.v7.widget.ActionBarContainer { <init>(...); }

# Referenced at res\layout\abc_screen_toolbar.xml:43
# Referenced at res\layout\abc_action_mode_bar.xml:19
-keep class android.support.v7.widget.ActionBarContextView { <init>(...); }

# Referenced at res\layout\abc_screen_toolbar.xml:17
-keep class android.support.v7.widget.ActionBarOverlayLayout { <init>(...); }

# Referenced at res\layout\abc_action_menu_layout.xml:17
-keep class android.support.v7.widget.ActionMenuView { <init>(...); }

# Referenced at res\layout\abc_activity_chooser_view.xml:19
-keep class android.support.v7.widget.ActivityChooserView$InnerLayout { <init>(...); }

# Referenced at res\layout\abc_alert_dialog_material.xml:18
-keep class android.support.v7.widget.AlertDialogLayout { <init>(...); }

# Referenced at res\layout\abc_alert_dialog_button_bar_material.xml:26
-keep class android.support.v7.widget.ButtonBarLayout { <init>(...); }

# Referenced at res\layout\item_store.xml:2
# Referenced at res\layout\activity_upload.xml:52
# Referenced at res\layout\activity_splash.xml:9
-keep class android.support.v7.widget.CardView { <init>(...); }

# Referenced at res\layout\abc_screen_content_include.xml:19
-keep class android.support.v7.widget.ContentFrameLayout { <init>(...); }

# Referenced at res\layout\abc_alert_dialog_title_material.xml:45
-keep class android.support.v7.widget.DialogTitle { <init>(...); }

# Referenced at res\layout\abc_screen_simple_overlay_action_mode.xml:23
-keep class android.support.v7.widget.FitWindowsFrameLayout { <init>(...); }

# Referenced at res\layout\abc_screen_simple.xml:17
# Referenced at res\layout\abc_dialog_title_material.xml:22
-keep class android.support.v7.widget.FitWindowsLinearLayout { <init>(...); }

# Referenced at res\layout\fragment_main.xml:8
-keep class android.support.v7.widget.RecyclerView { <init>(...); }

# Referenced at res\layout\abc_search_view.xml:75
-keep class android.support.v7.widget.SearchView$SearchAutoComplete { <init>(...); }

# Referenced at res\layout-v26\abc_screen_toolbar.xml:37
# Referenced at res\layout\app_bar.xml:2
# Referenced at res\layout\activity_main.xml:15
# Referenced at res\layout\abc_screen_toolbar.xml:36
-keep class android.support.v7.widget.Toolbar { <init>(...); }

# Referenced at res\layout\abc_screen_simple_overlay_action_mode.xml:32
# Referenced at res\layout\abc_screen_simple.xml:25
-keep class android.support.v7.widget.ViewStubCompat { <init>(...); }

# Referenced at res\layout\abc_alert_dialog_title_material.xml:56
# Referenced at res\layout\abc_alert_dialog_material.xml:52
# Referenced at res\layout\abc_alert_dialog_button_bar_material.xml:43
-keep class android.widget.Space { <init>(...); }

# Referenced at res\layout\activity_splash.xml:19
-keep class com.bobby.coding.utils.ParticleView { <init>(...); }

# Referenced at res\layout\item_store.xml:22
-keep class com.bobby.coding.utils.SquareRelativeLayout { <init>(...); }

# Referenced at res\layout\fragment_image.xml:10
-keep class com.davemorrissey.labs.subscaleview.SubsamplingScaleImageView { <init>(...); }

# Referenced at res\layout\activity_upload.xml:35
-keep class com.lyft.android.scissors.CropView { <init>(...); }

# Referenced at res\layout-land\activity_main.xml:47
# Referenced at res\layout\item_store.xml:34
# Referenced at res\layout\fragment_image.xml:17
# Referenced at res\layout\activity_main.xml:46
-keep class com.wang.avi.AVLoadingIndicatorView { <init>(...); }

# Referenced at res\layout\setting.xml:46
-keep class com.xw.repo.BubbleSeekBar { <init>(...); }

# Referenced at res\layout\activity_splash.xml:2
-keep class io.codetail.widget.RevealFrameLayout { <init>(...); }