app/build/outputs/mapping/debug/seeds.txt
com.bobby.coding.BaseApp
com.bobby.coding.BaseApp: BaseApp()
com.bobby.coding.R$anim: int abc_fade_in
com.bobby.coding.R$anim: int abc_fade_out
com.bobby.coding.R$anim: int abc_grow_fade_in_from_bottom
com.bobby.coding.R$anim: int abc_popup_enter
com.bobby.coding.R$anim: int abc_popup_exit
com.bobby.coding.R$anim: int abc_shrink_fade_out_from_bottom
com.bobby.coding.R$anim: int abc_slide_in_bottom
com.bobby.coding.R$anim: int abc_slide_in_top
com.bobby.coding.R$anim: int abc_slide_out_bottom
com.bobby.coding.R$anim: int abc_slide_out_top
com.bobby.coding.R$anim: int abc_tooltip_enter
com.bobby.coding.R$anim: int abc_tooltip_exit
com.bobby.coding.R$anim: int design_bottom_sheet_slide_in
com.bobby.coding.R$anim: int design_bottom_sheet_slide_out
com.bobby.coding.R$anim: int design_snackbar_in
com.bobby.coding.R$anim: int design_snackbar_out
com.bobby.coding.R$anim: int pull_in_left
com.bobby.coding.R$anim: int pull_in_right
com.bobby.coding.R$anim: int push_out_left
com.bobby.coding.R$anim: int push_out_right
com.bobby.coding.R$animator: int design_appbar_state_list_animator
com.bobby.coding.R$animator: int selector_animator
com.bobby.coding.R$attr: int actionBarDivider
com.bobby.coding.R$attr: int actionBarItemBackground
com.bobby.coding.R$attr: int actionBarPopupTheme
com.bobby.coding.R$attr: int actionBarSize
com.bobby.coding.R$attr: int actionBarSplitStyle
com.bobby.coding.R$attr: int actionBarStyle
com.bobby.coding.R$attr: int actionBarTabBarStyle
com.bobby.coding.R$attr: int actionBarTabStyle
com.bobby.coding.R$attr: int actionBarTabTextStyle
com.bobby.coding.R$attr: int actionBarTheme
com.bobby.coding.R$attr: int actionBarWidgetTheme
com.bobby.coding.R$attr: int actionButtonStyle
com.bobby.coding.R$attr: int actionDropDownStyle
com.bobby.coding.R$attr: int actionLayout
com.bobby.coding.R$attr: int actionMenuTextAppearance
com.bobby.coding.R$attr: int actionMenuTextColor
com.bobby.coding.R$attr: int actionModeBackground
com.bobby.coding.R$attr: int actionModeCloseButtonStyle
com.bobby.coding.R$attr: int actionModeCloseDrawable
com.bobby.coding.R$attr: int actionModeCopyDrawable
com.bobby.coding.R$attr: int actionModeCutDrawable
com.bobby.coding.R$attr: int actionModeFindDrawable
com.bobby.coding.R$attr: int actionModePasteDrawable
com.bobby.coding.R$attr: int actionModePopupWindowStyle
com.bobby.coding.R$attr: int actionModeSelectAllDrawable
com.bobby.coding.R$attr: int actionModeShareDrawable
com.bobby.coding.R$attr: int actionModeSplitBackground
com.bobby.coding.R$attr: int actionModeStyle
com.bobby.coding.R$attr: int actionModeWebSearchDrawable
com.bobby.coding.R$bool: int abc_action_bar_embed_tabs
com.bobby.coding.R$bool: int abc_allow_stacked_button_bar
com.bobby.coding.R$bool: int abc_config_actionMenuItemAllCaps
com.bobby.coding.R$bool: int abc_config_showMenuShortcutsWhenKeyboardPresent
...
android.support.v4.app.ActivityCompat$OnRequestPermissionsResultCallback
android.support.v4.app.ActivityCompat$OnRequestPermissionsResultCallback: void onRequestPermissionsResult(int,java.lang.String[],int[])
android.support.v4.app.ActivityCompat$PermissionCompatDelegate
android.support.v4.app.ActivityCompat$PermissionCompatDelegate: boolean requestPermissions(android.app.Activity,java.lang.String[],int)
android.support.v4.app.ActivityCompat$PermissionCompatDelegate: boolean onActivityResult(android.app.Activity,int,int,android.content.Intent)
android.support.v4.app.ActivityCompat$RequestPermissionsRequestCodeValidator
android.support.v4.app.ActivityCompat$RequestPermissionsRequestCodeValidator: void validateRequestPermissionsRequestCode(int)
android.support.v4.app.ActivityCompat$SharedElementCallback21Impl
android.support.v4.app.ActivityCompat$SharedElementCallback21Impl: android.support.v4.app.SharedElementCallback mCallback
android.support.v4.app.ActivityCompat$SharedElementCallback21Impl: ActivityCompat$SharedElementCallback21Impl(android.support.v4.app.SharedElementCallback)
android.support.v4.app.ActivityCompat$SharedElementCallback21Impl: void onSharedElementStart(java.util.List,java.util.List,java.util.List)
android.support.v4.app.ActivityCompat$SharedElementCallback21Impl: void onSharedElementEnd(java.util.List,java.util.List,java.util.List)
android.support.v4.app.ActivityCompat$SharedElementCallback21Impl: void onRejectSharedElements(java.util.List)
android.support.v4.app.ActivityCompat$SharedElementCallback21Impl: void onMapSharedElements(java.util.List,java.util.Map)
android.support.v4.app.ActivityCompat$SharedElementCallback21Impl: android.os.Parcelable onCaptureSharedElementSnapshot(android.view.View,android.graphics.Matrix,android.graphics.RectF)
android.support.v4.app.ActivityCompat$SharedElementCallback21Impl: android.view.View onCreateSnapshotView(android.content.Context,android.os.Parcelable)
android.support.v4.app.ActivityCompat$SharedElementCallback23Impl
android.support.v4.app.ActivityCompat$SharedElementCallback23Impl: ActivityCompat$SharedElementCallback23Impl(android.support.v4.app.SharedElementCallback)
android.support.v4.app.ActivityCompat$SharedElementCallback23Impl: void onSharedElementsArrived(java.util.List,java.util.List,android.app.SharedElementCallback$OnSharedElementsReadyListener)
android.support.v4.app.ActivityCompat$SharedElementCallback23Impl$1
android.support.v4.app.ActivityCompat$SharedElementCallback23Impl$1: android.app.SharedElementCallback$OnSharedElementsReadyListener val$listener
android.support.v4.app.ActivityCompat$SharedElementCallback23Impl$1: android.support.v4.app.ActivityCompat$SharedElementCallback23Impl this$0
android.support.v4.app.ActivityCompat$SharedElementCallback23Impl$1: ActivityCompat$SharedElementCallback23Impl$1(android.support.v4.app.ActivityCompat$SharedElementCallback23Impl,android.app.SharedElementCallback$OnSharedElementsReadyListener)
android.support.v4.app.ActivityCompat$SharedElementCallback23Impl$1: void onSharedElementsReady()
android.support.v4.app.ActivityManagerCompat
android.support.v4.app.ActivityManagerCompat: ActivityManagerCompat()
android.support.v4.app.ActivityManagerCompat: boolean isLowRamDevice(android.app.ActivityManager)