app/build/outputs/mapping/debug/usage.txt
com.bobby.coding.BuildConfig
com.bobby.coding.R:
    10:10:public R()
com.bobby.coding.R$anim
com.bobby.coding.R$animator
com.bobby.coding.R$attr
com.bobby.coding.R$bool
com.bobby.coding.R$color
com.bobby.coding.R$dimen
com.bobby.coding.R$drawable
com.bobby.coding.R$id
com.bobby.coding.R$integer
com.bobby.coding.R$layout
com.bobby.coding.R$menu
com.bobby.coding.R$mipmap
com.bobby.coding.R$string
com.bobby.coding.R$style
com.bobby.coding.R$styleable:
    5162:5162:public R$styleable()
com.bobby.coding.R$transition
com.bobby.coding.R$xml
com.bobby.coding.main.MainActivity:
    private android.view.animation.Interpolator interpolator
    static final java.lang.String CONNECTIVITY_ACTION
com.bobby.coding.main.MainActivity_MembersInjector:
    private final javax.inject.Provider dhProvider
    15:17:public MainActivity_MembersInjector(javax.inject.Provider)
    20:20:public static dagger.MembersInjector create(javax.inject.Provider)
    25:26:public void injectMembers(com.bobby.coding.main.MainActivity)
    8:8:public bridge synthetic void injectMembers(java.lang.Object)
com.bobby.coding.model.PrefManager_GetEditorFactory:
    30:31:public static android.content.SharedPreferences$Editor proxyGetEditor(com.bobby.coding.model.PrefManager)
com.bobby.coding.model.PrefManager_GetprefFactory:
    30:31:public static android.content.SharedPreferences proxyGetpref(com.bobby.coding.model.PrefManager)
com.bobby.coding.model.SettingDatabaseHelper:
    private static final java.lang.String Database_Name
    private static final java.lang.String Table_Name
    private static final java.lang.String COL_1
    private static final java.lang.String COL_2
    private android.database.sqlite.SQLiteDatabase db
com.bobby.coding.model.SettingDatabaseHelper_GetContextFactory:
    30:31:public static android.content.Context proxyGetContext(com.bobby.coding.model.SettingDatabaseHelper)
com.bobby.coding.model.SettingDatabaseHelper_ProvideDatabaseFactory:
    39:40:public static com.bobby.coding.model.SettingDatabaseHelper proxyProvideDatabase(com.bobby.coding.model.SettingDatabaseHelper,android.content.Context)
com.bobby.coding.model.Upload:
    23:23:public java.lang.String getName()
com.bobby.coding.splash.SplashActivity_MembersInjector:
    private final javax.inject.Provider prefProvider
    private final javax.inject.Provider editorProvider
    private final javax.inject.Provider dh2Provider
    23:27:public SplashActivity_MembersInjector(javax.inject.Provider,javax.inject.Provider,javax.inject.Provider)
    33:33:public static dagger.MembersInjector create(javax.inject.Provider,javax.inject.Provider,javax.inject.Provider)
    38:41:public void injectMembers(com.bobby.coding.splash.SplashActivity)
    9:9:public bridge synthetic void injectMembers(java.lang.Object)
com.bobby.coding.splash.SplashView
com.bobby.coding.upload.UploadActivity:
    private static final int CAMERA_PERMISSION
    private static final int GALLERY_PERMISSION
    130:132:public java.lang.String getFileExtension(android.net.Uri)
com.bobby.coding.utils.Constants:
    public static final java.lang.String PREF_NAME
    public static final java.lang.String IS_FIRST_TIME_LAUNCH
    public static final java.lang.String str
    public static final java.lang.String MyPREFERENCES
    public static final java.lang.String TITLE
    public static final java.lang.String LOGO
    public static final java.lang.String URL
    public static final java.lang.String DEFAULT_ARTIST
    public static final java.lang.String STORAGE_PATH_UPLOADS
    public static final java.lang.String DATABASE_PATH_UPLOADS
    6:6:public Constants()
com.bobby.coding.utils.DatabaseScope
com.bobby.coding.utils.EndlessRecyclerViewScrollListener
com.bobby.coding.utils.FilePathFetcher
com.bobby.coding.utils.PreCachingLayoutManager:
    private static final int DEFAULT_EXTRA_LAYOUT_SPACE
...
rx.internal.operators.OnSubscribeSingle
rx.internal.operators.OnSubscribeSingle$1
rx.internal.operators.OnSubscribeSkipTimed
rx.internal.operators.OnSubscribeSkipTimed$SkipTimedSubscriber
rx.internal.operators.OnSubscribeSwitchIfEmpty
rx.internal.operators.OnSubscribeSwitchIfEmpty$AlternateSubscriber
rx.internal.operators.OnSubscribeSwitchIfEmpty$ParentSubscriber
rx.internal.operators.OnSubscribeTakeLastOne
rx.internal.operators.OnSubscribeTakeLastOne$TakeLastOneSubscriber
rx.internal.operators.OnSubscribeThrow
rx.internal.operators.OnSubscribeTimerOnce
rx.internal.operators.OnSubscribeTimerOnce$1
rx.internal.operators.OnSubscribeTimerPeriodically
rx.internal.operators.OnSubscribeTimerPeriodically$1
rx.internal.operators.OnSubscribeToMap
rx.internal.operators.OnSubscribeToMap$ToMapSubscriber
rx.internal.operators.OnSubscribeToMultimap
rx.internal.operators.OnSubscribeToMultimap$DefaultMultimapCollectionFactory
rx.internal.operators.OnSubscribeToMultimap$ToMultimapSubscriber
rx.internal.operators.OnSubscribeToObservableFuture
rx.internal.operators.OnSubscribeToObservableFuture$ToObservableFuture
rx.internal.operators.OnSubscribeToObservableFuture$ToObservableFuture$1
rx.internal.operators.OnSubscribeUsing
rx.internal.operators.OnSubscribeUsing$DisposeAction
rx.internal.operators.OperatorAll
rx.internal.operators.OperatorAll$1
rx.internal.operators.OperatorAny
rx.internal.operators.OperatorAny$1
rx.internal.operators.OperatorAsObservable
rx.internal.operators.OperatorAsObservable$Holder
rx.internal.operators.OperatorBufferWithSingleObservable
rx.internal.operators.OperatorBufferWithSingleObservable$1
rx.internal.operators.OperatorBufferWithSingleObservable$2
rx.internal.operators.OperatorBufferWithSingleObservable$BufferingSubscriber
rx.internal.operators.OperatorBufferWithSize
rx.internal.operators.OperatorBufferWithSize$BufferExact
rx.internal.operators.OperatorBufferWithSize$BufferExact$1
rx.internal.operators.OperatorBufferWithSize$BufferOverlap
rx.internal.operators.OperatorBufferWithSize$BufferOverlap$BufferOverlapProducer
rx.internal.operators.OperatorBufferWithSize$BufferSkip
rx.internal.operators.OperatorBufferWithSize$BufferSkip$BufferSkipProducer
rx.internal.operators.OperatorBufferWithStartEndObservable
rx.internal.operators.OperatorBufferWithStartEndObservable$1
rx.internal.operators.OperatorBufferWithStartEndObservable$BufferingSubscriber
rx.internal.operators.OperatorBufferWithStartEndObservable$BufferingSubscriber$1
rx.internal.operators.OperatorBufferWithTime
rx.internal.operators.OperatorBufferWithTime$ExactSubscriber
rx.internal.operators.OperatorBufferWithTime$ExactSubscriber$1
rx.internal.operators.OperatorBufferWithTime$InexactSubscriber
rx.internal.operators.OperatorBufferWithTime$InexactSubscriber$1
rx.internal.operators.OperatorBufferWithTime$InexactSubscriber$2
rx.internal.operators.OperatorCast
rx.internal.operators.OperatorCast$CastSubscriber
rx.internal.operators.OperatorDebounceWithSelector
rx.internal.operators.OperatorDebounceWithSelector$1
rx.internal.operators.OperatorDebounceWithSelector$1$1
rx.internal.operators.OperatorDebounceWithTime
rx.internal.operators.OperatorDebounceWithTime$1
rx.internal.operators.OperatorDebounceWithTime$1$1
rx.internal.operators.OperatorDebounceWithTime$DebounceState
rx.internal.operators.OperatorDelay
rx.internal.operators.OperatorDelay$1
rx.internal.operators.OperatorDelay$1$1
rx.internal.operators.OperatorDelay$1$2
rx.internal.operators.OperatorDelay$1$3
rx.internal.operators.OperatorDelayWithSelector
rx.internal.operators.OperatorDelayWithSelector$1
rx.internal.operators.OperatorDelayWithSelector$1$1
rx.internal.operators.OperatorDematerialize
rx.internal.operators.OperatorDematerialize$1
rx.internal.operators.OperatorDematerialize$2
rx.internal.operators.OperatorDematerialize$Holder
rx.internal.operators.OperatorDistinct
rx.internal.operators.OperatorDistinct$1
rx.internal.operators.OperatorDistinct$Holder
rx.internal.operators.OperatorDistinctUntilChanged